\BOOKMARK [1][-]{section.1}{Introduction}{}% 1
\BOOKMARK [1][-]{section.2}{Models}{}% 2
\BOOKMARK [2][-]{subsection.2.1}{Generalized\040Model}{section.2}% 3
\BOOKMARK [2][-]{subsection.2.2}{Huffman\040Coding:\040the\040Easy\040Case}{section.2}% 4
\BOOKMARK [2][-]{subsection.2.3}{DNA\040Detection\040Problem}{section.2}% 5
\BOOKMARK [2][-]{subsection.2.4}{Battleship\040Problem}{section.2}% 6
\BOOKMARK [1][-]{section.3}{Greedy\040Algorithm\040Based\040on\040Huffman\040coding}{}% 7
\BOOKMARK [2][-]{subsection.3.1}{Description}{section.3}% 8
\BOOKMARK [2][-]{subsection.3.2}{First\040Try\040to\040Solving\040the\040DNA\040Detection\040Problem}{section.3}% 9
\BOOKMARK [1][-]{section.4}{Greedy\040Binary\040Separation\040Coding}{}% 10
\BOOKMARK [2][-]{subsection.4.1}{Motivation}{section.4}% 11
\BOOKMARK [2][-]{subsection.4.2}{Definition}{section.4}% 12
\BOOKMARK [2][-]{subsection.4.3}{Intuition}{section.4}% 13
\BOOKMARK [2][-]{subsection.4.4}{Analysis}{section.4}% 14
\BOOKMARK [1][-]{section.5}{Greedy\040Algorithms\040Based\040on\040GBSC}{}% 15
\BOOKMARK [2][-]{subsection.5.1}{Basic\040Structure}{section.5}% 16
\BOOKMARK [2][-]{subsection.5.2}{Dealing\040with\0401-player\040Battleship\040Problem\040Using\040GBSC}{section.5}% 17
\BOOKMARK [2][-]{subsection.5.3}{Another\040Try\040to\040Solving\040the\040DNA\040Detection\040Problem}{section.5}% 18
\BOOKMARK [1][-]{section.6}{Future\040Work}{}% 19
\BOOKMARK [1][-]{section.7}{Conclusion}{}% 20
